{
  message: 'database connected succsfully',
  level: 'info',
  label: 'right meow!',
  timestamp: '2023-06-12T12:03:22.031Z'
}
{
  message: 'Application listening on port 5000',
  level: 'info',
  label: 'right meow!',
  timestamp: '2023-06-12T12:03:22.084Z'
}
{
  message: 'database connected succsfully',
  level: 'info',
  label: 'right meow!',
  timestamp: '2023-06-12T12:04:33.570Z'
}
{
  message: 'Application listening on port 5000',
  level: 'info',
  label: 'right meow!',
  timestamp: '2023-06-12T12:04:33.585Z'
}
{
  message: 'database connected succsfully',
  level: 'info',
  label: 'right meow!',
  timestamp: '2023-06-12T12:05:12.771Z'
}
{
  message: 'Application listening on port 5000',
  level: 'info',
  label: 'right meow!',
  timestamp: '2023-06-12T12:05:12.783Z'
}
{
  message: 'database connected succsfully',
  level: 'info',
  label: 'right meow!',
  timestamp: '2023-06-12T12:05:29.299Z'
}
{
  message: 'Application listening on port 5000',
  level: 'info',
  label: 'right meow!',
  timestamp: '2023-06-12T12:05:29.320Z'
}
{
  message: 'database connected succsfully',
  level: 'info',
  label: 'right meow!',
  timestamp: '2023-06-12T12:05:49.320Z'
}
{
  message: 'Application listening on port 5000',
  level: 'info',
  label: 'right meow!',
  timestamp: '2023-06-12T12:05:49.335Z'
}
{
  message: 'database connected succsfully',
  level: 'info',
  label: 'right meow!',
  timestamp: '2023-06-12T12:06:14.047Z'
}
{
  message: 'Application listening on port 5000',
  level: 'info',
  label: 'right meow!',
  timestamp: '2023-06-12T12:06:14.064Z'
}
