{
  message: 'database connected succsfully',
  level: 'info',
  label: 'right meow!',
  timestamp: '2023-06-08T12:38:20.437Z'
}
{
  message: 'Application listening on port 5000',
  level: 'info',
  label: 'right meow!',
  timestamp: '2023-06-08T12:38:20.477Z'
}
{
  message: 'database connected succsfully',
  level: 'info',
  label: 'right meow!',
  timestamp: '2023-06-08T12:42:38.004Z'
}
{
  message: 'Application listening on port 5000',
  level: 'info',
  label: 'right meow!',
  timestamp: '2023-06-08T12:42:38.024Z'
}
