{
  message: 'database connected succsfully',
  level: 'info',
  label: 'right meow!',
  timestamp: '2023-06-11T12:06:58.133Z'
}
{
  message: 'Application listening on port 5000',
  level: 'info',
  label: 'right meow!',
  timestamp: '2023-06-11T12:06:58.182Z'
}
{
  message: 'database connected succsfully',
  level: 'info',
  label: 'right meow!',
  timestamp: '2023-06-11T12:14:15.673Z'
}
{
  message: 'Application listening on port 5000',
  level: 'info',
  label: 'right meow!',
  timestamp: '2023-06-11T12:14:15.696Z'
}
{
  message: 'database connected succsfully',
  level: 'info',
  label: 'right meow!',
  timestamp: '2023-06-11T12:19:36.424Z'
}
{
  message: 'Application listening on port 5000',
  level: 'info',
  label: 'right meow!',
  timestamp: '2023-06-11T12:19:36.451Z'
}
{
  message: 'database connected succsfully',
  level: 'info',
  label: 'right meow!',
  timestamp: '2023-06-11T12:21:01.869Z'
}
{
  message: 'Application listening on port 5000',
  level: 'info',
  label: 'right meow!',
  timestamp: '2023-06-11T12:21:01.883Z'
}
{
  message: 'database connected succsfully',
  level: 'info',
  label: 'right meow!',
  timestamp: '2023-06-11T12:24:03.032Z'
}
{
  message: 'Application listening on port 5000',
  level: 'info',
  label: 'right meow!',
  timestamp: '2023-06-11T12:24:03.043Z'
}
{
  message: 'database connected succsfully',
  level: 'info',
  label: 'right meow!',
  timestamp: '2023-06-11T12:24:20.995Z'
}
{
  message: 'Application listening on port 5000',
  level: 'info',
  label: 'right meow!',
  timestamp: '2023-06-11T12:24:21.019Z'
}
{
  message: 'database connected succsfully',
  level: 'info',
  label: 'right meow!',
  timestamp: '2023-06-11T12:25:07.629Z'
}
{
  message: 'Application listening on port 5000',
  level: 'info',
  label: 'right meow!',
  timestamp: '2023-06-11T12:25:07.641Z'
}
{
  message: 'database connected succsfully',
  level: 'info',
  label: 'right meow!',
  timestamp: '2023-06-11T12:29:07.538Z'
}
{
  message: 'Application listening on port 5000',
  level: 'info',
  label: 'right meow!',
  timestamp: '2023-06-11T12:29:07.561Z'
}
{
  message: 'database connected succsfully',
  level: 'info',
  label: 'right meow!',
  timestamp: '2023-06-11T12:29:30.351Z'
}
{
  message: 'Application listening on port 5000',
  level: 'info',
  label: 'right meow!',
  timestamp: '2023-06-11T12:29:30.364Z'
}
{
  message: 'database connected succsfully',
  level: 'info',
  label: 'right meow!',
  timestamp: '2023-06-11T12:29:35.150Z'
}
{
  message: 'Application listening on port 5000',
  level: 'info',
  label: 'right meow!',
  timestamp: '2023-06-11T12:29:35.165Z'
}
{
  message: 'database connected succsfully',
  level: 'info',
  label: 'right meow!',
  timestamp: '2023-06-11T12:29:52.757Z'
}
{
  message: 'Application listening on port 5000',
  level: 'info',
  label: 'right meow!',
  timestamp: '2023-06-11T12:29:52.780Z'
}
{
  message: 'database connected succsfully',
  level: 'info',
  label: 'right meow!',
  timestamp: '2023-06-11T12:33:48.348Z'
}
{
  message: 'Application listening on port 5000',
  level: 'info',
  label: 'right meow!',
  timestamp: '2023-06-11T12:33:48.366Z'
}
{
  message: 'database connected succsfully',
  level: 'info',
  label: 'right meow!',
  timestamp: '2023-06-11T12:35:30.371Z'
}
{
  message: 'Application listening on port 5000',
  level: 'info',
  label: 'right meow!',
  timestamp: '2023-06-11T12:35:30.389Z'
}
{
  message: 'database connected succsfully',
  level: 'info',
  label: 'right meow!',
  timestamp: '2023-06-11T12:35:43.100Z'
}
{
  message: 'Application listening on port 5000',
  level: 'info',
  label: 'right meow!',
  timestamp: '2023-06-11T12:35:43.114Z'
}
