{
  message: 'database connected succsfully',
  level: 'info',
  label: 'right meow!',
  timestamp: '2023-06-17T13:57:25.525Z'
}
{
  message: 'Application listening on port 5000',
  level: 'info',
  label: 'right meow!',
  timestamp: '2023-06-17T13:57:25.539Z'
}
{
  message: 'database connected succsfully',
  level: 'info',
  label: 'right meow!',
  timestamp: '2023-06-17T13:58:58.044Z'
}
{
  message: 'Application listening on port 5000',
  level: 'info',
  label: 'right meow!',
  timestamp: '2023-06-17T13:58:58.073Z'
}
