{
  message: 'database connected succsfully',
  level: 'info',
  label: 'right meow!',
  timestamp: '2023-06-17T09:12:00.487Z'
}
{
  message: 'Application listening on port 5000',
  level: 'info',
  label: 'right meow!',
  timestamp: '2023-06-17T09:12:00.521Z'
}
{
  message: 'database connected succsfully',
  level: 'info',
  label: 'right meow!',
  timestamp: '2023-06-17T09:14:06.344Z'
}
{
  message: 'Application listening on port 5000',
  level: 'info',
  label: 'right meow!',
  timestamp: '2023-06-17T09:14:06.356Z'
}
{
  message: 'database connected succsfully',
  level: 'info',
  label: 'right meow!',
  timestamp: '2023-06-17T09:14:28.171Z'
}
{
  message: 'Application listening on port 5000',
  level: 'info',
  label: 'right meow!',
  timestamp: '2023-06-17T09:14:28.202Z'
}
{
  message: 'database connected succsfully',
  level: 'info',
  label: 'right meow!',
  timestamp: '2023-06-17T09:15:52.857Z'
}
{
  message: 'Application listening on port 5000',
  level: 'info',
  label: 'right meow!',
  timestamp: '2023-06-17T09:15:52.874Z'
}
{
  message: 'database connected succsfully',
  level: 'info',
  label: 'right meow!',
  timestamp: '2023-06-17T09:16:09.300Z'
}
{
  message: 'Application listening on port 5000',
  level: 'info',
  label: 'right meow!',
  timestamp: '2023-06-17T09:16:09.322Z'
}
